-------------------------------------------------------------------------------
Test set: pilot.records.RecordStore_ModelA_Round4_RobustnessTest
-------------------------------------------------------------------------------
Tests run: 1, Failures: 0, Errors: 1, Skipped: 0, Time elapsed: 0.086 s <<< FAILURE! -- in pilot.records.RecordStore_ModelA_Round4_RobustnessTest
pilot.records.RecordStore_ModelA_Round4_RobustnessTest.testGetNumericNonNumericKey -- Time elapsed: 0.046 s <<< ERROR!
java.lang.IllegalArgumentException: key not found: abc
	at pilot.records.RecordStore.getNumeric(RecordStore.java:187)
	at pilot.records.RecordStore_ModelA_Round4_RobustnessTest.testGetNumericNonNumericKey(RecordStore_ModelA_Round4_RobustnessTest.java:107)
	at java.base/java.lang.reflect.Method.invoke(Method.java:580)
	at java.base/java.util.ArrayList.forEach(ArrayList.java:1596)
	at java.base/java.util.ArrayList.forEach(ArrayList.java:1596)

