-------------------------------------------------------------------------------
Test set: pilot.records.RecordStore_ModelB_Round5_RobustnessTest
-------------------------------------------------------------------------------
Tests run: 1, Failures: 1, Errors: 0, Skipped: 0, Time elapsed: 0.223 s <<< FAILURE! -- in pilot.records.RecordStore_ModelB_Round5_RobustnessTest
pilot.records.RecordStore_ModelB_Round5_RobustnessTest.testPutRecordTypeBlock_PutOnNUMERIC_ONLY -- Time elapsed: 0.123 s <<< FAILURE!
org.opentest4j.AssertionFailedError: Unexpected exception type thrown, expected: <java.lang.IllegalArgumentException> but was: <java.lang.UnsupportedOperationException>
	at org.junit.jupiter.api.AssertionFailureBuilder.build(AssertionFailureBuilder.java:151)
	at org.junit.jupiter.api.AssertThrows.assertThrows(AssertThrows.java:67)
	at org.junit.jupiter.api.AssertThrows.assertThrows(AssertThrows.java:35)
	at org.junit.jupiter.api.Assertions.assertThrows(Assertions.java:3115)
	at pilot.records.RecordStore_ModelB_Round5_RobustnessTest.testPutRecordTypeBlock_PutOnNUMERIC_ONLY(RecordStore_ModelB_Round5_RobustnessTest.java:72)
	at java.base/java.lang.reflect.Method.invoke(Method.java:580)
	at java.base/java.util.ArrayList.forEach(ArrayList.java:1596)
	at java.base/java.util.ArrayList.forEach(ArrayList.java:1596)
Caused by: java.lang.UnsupportedOperationException: put(String) not allowed on a NUMERIC_ONLY store
	at pilot.records.RecordStore.put(RecordStore.java:83)
	at pilot.records.RecordStore_ModelB_Round5_RobustnessTest.lambda$testPutRecordTypeBlock_PutOnNUMERIC_ONLY$10(RecordStore_ModelB_Round5_RobustnessTest.java:72)
	at org.junit.jupiter.api.AssertThrows.assertThrows(AssertThrows.java:53)
	... 6 more

