-------------------------------------------------------------------------------
Test set: pilot.micro.LLMModelB_Micro_Robustness_R2_01
-------------------------------------------------------------------------------
Tests run: 1, Failures: 0, Errors: 1, Skipped: 0, Time elapsed: 0.074 s <<< FAILURE! -- in pilot.micro.LLMModelB_Micro_Robustness_R2_01
pilot.micro.LLMModelB_Micro_Robustness_R2_01.test_null_01 -- Time elapsed: 0.031 s <<< ERROR!
java.lang.IllegalArgumentException: config text must not be null
	at pilot.micro.ConfigParser.parse(ConfigParser.java:28)
	at pilot.micro.LLMModelB_Micro_Robustness_R2_01.test_null_01(LLMModelB_Micro_Robustness_R2_01.java:12)
	at java.base/java.lang.reflect.Method.invoke(Method.java:580)
	at java.base/java.util.ArrayList.forEach(ArrayList.java:1596)
	at java.base/java.util.ArrayList.forEach(ArrayList.java:1596)

