<?xml version="1.0" encoding="UTF-8"?>
<testsuite xmlns:xsi="http://www.w3.org/2001/XMLSchema-instance" xsi:noNamespaceSchemaLocation="https://maven.apache.org/surefire/maven-surefire-plugin/xsd/surefire-test-report-3.0.xsd" version="3.0" name="pilot.micro.RobustnessTests" time="0.124" tests="13" errors="11" skipped="0" failures="0">
  <properties>
    <property name="java.specification.version" value="21"/>
    <property name="sun.cpu.isalist" value="amd64"/>
    <property name="sun.jnu.encoding" value="Cp1252"/>
    <property name="java.class.path" value="C:\Users\hrush\Desktop\experiments\RobustnessPilot\sut_micro\target\test-classes;C:\Users\hrush\Desktop\experiments\RobustnessPilot\sut_micro\target\classes;C:\Users\hrush\.m2\repository\org\junit\jupiter\junit-jupiter\5.10.2\junit-jupiter-5.10.2.jar;C:\Users\hrush\.m2\repository\org\junit\jupiter\junit-jupiter-api\5.10.2\junit-jupiter-api-5.10.2.jar;C:\Users\hrush\.m2\repository\org\opentest4j\opentest4j\1.3.0\opentest4j-1.3.0.jar;C:\Users\hrush\.m2\repository\org\junit\platform\junit-platform-commons\1.10.2\junit-platform-commons-1.10.2.jar;C:\Users\hrush\.m2\repository\org\apiguardian\apiguardian-api\1.1.2\apiguardian-api-1.1.2.jar;C:\Users\hrush\.m2\repository\org\junit\jupiter\junit-jupiter-params\5.10.2\junit-jupiter-params-5.10.2.jar;C:\Users\hrush\.m2\repository\org\junit\jupiter\junit-jupiter-engine\5.10.2\junit-jupiter-engine-5.10.2.jar;C:\Users\hrush\.m2\repository\org\junit\platform\junit-platform-engine\1.10.2\junit-platform-engine-1.10.2.jar;"/>
    <property name="java.vm.vendor" value="Eclipse Adoptium"/>
    <property name="sun.arch.data.model" value="64"/>
    <property name="user.variant" value=""/>
    <property name="java.vendor.url" value="https://adoptium.net/"/>
    <property name="user.timezone" value="America/New_York"/>
    <property name="os.name" value="Windows 11"/>
    <property name="java.vm.specification.version" value="21"/>
    <property name="sun.java.launcher" value="SUN_STANDARD"/>
    <property name="user.country" value="US"/>
    <property name="sun.boot.library.path" value="C:\Program Files\Eclipse Adoptium\jdk-21.0.8.9-hotspot\bin"/>
    <property name="sun.java.command" value="C:\Users\hrush\AppData\Local\Temp\surefire14551464411750479512\surefirebooter-20260215153459816_3.jar C:\Users\hrush\AppData\Local\Temp\surefire14551464411750479512 2026-02-15T15-34-59_624-jvmRun1 surefire-20260215153459816_1tmp surefire_0-20260215153459816_2tmp"/>
    <property name="jdk.debug" value="release"/>
    <property name="surefire.test.class.path" value="C:\Users\hrush\Desktop\experiments\RobustnessPilot\sut_micro\target\test-classes;C:\Users\hrush\Desktop\experiments\RobustnessPilot\sut_micro\target\classes;C:\Users\hrush\.m2\repository\org\junit\jupiter\junit-jupiter\5.10.2\junit-jupiter-5.10.2.jar;C:\Users\hrush\.m2\repository\org\junit\jupiter\junit-jupiter-api\5.10.2\junit-jupiter-api-5.10.2.jar;C:\Users\hrush\.m2\repository\org\opentest4j\opentest4j\1.3.0\opentest4j-1.3.0.jar;C:\Users\hrush\.m2\repository\org\junit\platform\junit-platform-commons\1.10.2\junit-platform-commons-1.10.2.jar;C:\Users\hrush\.m2\repository\org\apiguardian\apiguardian-api\1.1.2\apiguardian-api-1.1.2.jar;C:\Users\hrush\.m2\repository\org\junit\jupiter\junit-jupiter-params\5.10.2\junit-jupiter-params-5.10.2.jar;C:\Users\hrush\.m2\repository\org\junit\jupiter\junit-jupiter-engine\5.10.2\junit-jupiter-engine-5.10.2.jar;C:\Users\hrush\.m2\repository\org\junit\platform\junit-platform-engine\1.10.2\junit-platform-engine-1.10.2.jar;"/>
    <property name="sun.cpu.endian" value="little"/>
    <property name="user.home" value="C:\Users\hrush"/>
    <property name="user.language" value="en"/>
    <property name="java.specification.vendor" value="Oracle Corporation"/>
    <property name="java.version.date" value="2025-07-15"/>
    <property name="java.home" value="C:\Program Files\Eclipse Adoptium\jdk-21.0.8.9-hotspot"/>
    <property name="file.separator" value="\"/>
    <property name="basedir" value="C:\Users\hrush\Desktop\experiments\RobustnessPilot\sut_micro"/>
    <property name="java.vm.compressedOopsMode" value="Zero based"/>
    <property name="line.separator" value="&#10;"/>
    <property name="java.vm.specification.vendor" value="Oracle Corporation"/>
    <property name="java.specification.name" value="Java Platform API Specification"/>
    <property name="surefire.real.class.path" value="C:\Users\hrush\AppData\Local\Temp\surefire14551464411750479512\surefirebooter-20260215153459816_3.jar"/>
    <property name="user.script" value=""/>
    <property name="sun.management.compiler" value="HotSpot 64-Bit Tiered Compilers"/>
    <property name="java.runtime.version" value="21.0.8+9-LTS"/>
    <property name="user.name" value="hrush"/>
    <property name="stdout.encoding" value="Cp1252"/>
    <property name="path.separator" value=";"/>
    <property name="os.version" value="10.0"/>
    <property name="java.runtime.name" value="OpenJDK Runtime Environment"/>
    <property name="file.encoding" value="UTF-8"/>
    <property name="java.vm.name" value="OpenJDK 64-Bit Server VM"/>
    <property name="java.vendor.version" value="Temurin-21.0.8+9"/>
    <property name="localRepository" value="C:\Users\hrush\.m2\repository"/>
    <property name="java.vendor.url.bug" value="https://github.com/adoptium/adoptium-support/issues"/>
    <property name="java.io.tmpdir" value="C:\Users\hrush\AppData\Local\Temp\"/>
    <property name="java.version" value="21.0.8"/>
    <property name="user.dir" value="C:\Users\hrush\Desktop\experiments\RobustnessPilot\sut_micro"/>
    <property name="os.arch" value="amd64"/>
    <property name="java.vm.specification.name" value="Java Virtual Machine Specification"/>
    <property name="sun.os.patch.level" value=""/>
    <property name="native.encoding" value="Cp1252"/>
    <property name="java.library.path" value="C:\Program Files\Eclipse Adoptium\jdk-21.0.8.9-hotspot\bin;C:\WINDOWS\Sun\Java\bin;C:\WINDOWS\system32;C:\WINDOWS;$cur;$JDK\bin;C:\Program Files\Eclipse Adoptium\jdk-21.0.8.9-hotspot\bin;C:\Program Files\nodejs\;C:\Program Files\Git\cmd;C:\Users\hrush\AppData\Local\Programs\Python\Python311\Scripts\;C:\Users\hrush\AppData\Local\Programs\Python\Python311\;$cur;$JDK\bin;C:\Program Files\Eclipse Adoptium\jdk-21.0.8.9-hotspot\bin;C:\Program Files\MySQL\MySQL Shell 8.0\bin\;C:\Users\hrush\AppData\Local\Microsoft\WindowsApps;C:\Users\hrush\AppData\Local\Programs\Microsoft VS Code\bin;C:\Program Files\apache-maven-3.9.11\bin;C:\Program Files\Docker\Docker\resources\bin;C:\Program Files\Eclipse Adoptium\jdk-21.0.8.9-hotspot\bin;C:\hadoop\bin;C:\spark\bin;;c:\Users\hrush\.vscode\extensions\ms-python.debugpy-2025.10.0-win32-x64\bundled\scripts\noConfigScripts;C:\Program Files\Git\cmd;C:\Program Files\Git\cmd;C:\Users\hrush\AppData\Roaming\npm;C:\Users\hrush\AppData\Local\Programs\Ollama;c:\Users\hrush\.vscode\extensions\ms-python.debugpy-2025.18.0-win32-x64\bundled\scripts\noConfigScripts;."/>
    <property name="java.vm.info" value="mixed mode, sharing"/>
    <property name="stderr.encoding" value="Cp1252"/>
    <property name="java.vendor" value="Eclipse Adoptium"/>
    <property name="java.vm.version" value="21.0.8+9-LTS"/>
    <property name="sun.io.unicode.encoding" value="UnicodeLittle"/>
    <property name="java.class.version" value="65.0"/>
  </properties>
  <testcase name="test_R2_invalidModeEnum" classname="pilot.micro.RobustnessTests" time="0.016">
    <error message="invalid mode: SUPERFAST" type="java.lang.IllegalArgumentException"><![CDATA[java.lang.IllegalArgumentException: invalid mode: SUPERFAST
	at pilot.micro.ConfigParser.parseMode(ConfigParser.java:103)
	at pilot.micro.ConfigParser.parse(ConfigParser.java:67)
	at pilot.micro.RobustnessTests.test_R2_invalidModeEnum(RobustnessTests.java:69)
	at java.base/java.lang.reflect.Method.invoke(Method.java:580)
	at java.base/java.util.ArrayList.forEach(ArrayList.java:1596)
	at java.base/java.util.ArrayList.forEach(ArrayList.java:1596)
]]></error>
  </testcase>
  <testcase name="test_R1_nullInput" classname="pilot.micro.RobustnessTests" time="0.001">
    <error message="config text must not be null" type="java.lang.IllegalArgumentException"><![CDATA[java.lang.IllegalArgumentException: config text must not be null
	at pilot.micro.ConfigParser.parse(ConfigParser.java:28)
	at pilot.micro.RobustnessTests.test_R1_nullInput(RobustnessTests.java:15)
	at java.base/java.lang.reflect.Method.invoke(Method.java:580)
	at java.base/java.util.ArrayList.forEach(ArrayList.java:1596)
	at java.base/java.util.ArrayList.forEach(ArrayList.java:1596)
]]></error>
  </testcase>
  <testcase name="test_R2_numericOverflowLike" classname="pilot.micro.RobustnessTests" time="0.022">
    <error message="timeoutMs out of int range: 999999999999999999999" type="java.lang.IllegalArgumentException"><![CDATA[java.lang.IllegalArgumentException: timeoutMs out of int range: 999999999999999999999
	at pilot.micro.ConfigParser.parseIntStrict(ConfigParser.java:126)
	at pilot.micro.ConfigParser.parse(ConfigParser.java:68)
	at pilot.micro.RobustnessTests.test_R2_numericOverflowLike(RobustnessTests.java:97)
	at java.base/java.lang.reflect.Method.invoke(Method.java:580)
	at java.base/java.util.ArrayList.forEach(ArrayList.java:1596)
	at java.base/java.util.ArrayList.forEach(ArrayList.java:1596)
]]></error>
  </testcase>
  <testcase name="test_R2_retries_tooLarge" classname="pilot.micro.RobustnessTests" time="0.01">
    <error message="retries out of range: 999" type="java.lang.IllegalArgumentException"><![CDATA[java.lang.IllegalArgumentException: retries out of range: 999
	at pilot.micro.ConfigParser.parse(ConfigParser.java:75)
	at pilot.micro.RobustnessTests.test_R2_retries_tooLarge(RobustnessTests.java:90)
	at java.base/java.lang.reflect.Method.invoke(Method.java:580)
	at java.base/java.util.ArrayList.forEach(ArrayList.java:1596)
	at java.base/java.util.ArrayList.forEach(ArrayList.java:1596)
]]></error>
  </testcase>
  <testcase name="test_R2_timeoutMs_tooLarge" classname="pilot.micro.RobustnessTests" time="0.006">
    <error message="timeoutMs out of range: 999999" type="java.lang.IllegalArgumentException"><![CDATA[java.lang.IllegalArgumentException: timeoutMs out of range: 999999
	at pilot.micro.ConfigParser.parse(ConfigParser.java:72)
	at pilot.micro.RobustnessTests.test_R2_timeoutMs_tooLarge(RobustnessTests.java:83)
	at java.base/java.lang.reflect.Method.invoke(Method.java:580)
	at java.base/java.util.ArrayList.forEach(ArrayList.java:1596)
	at java.base/java.util.ArrayList.forEach(ArrayList.java:1596)
]]></error>
  </testcase>
  <testcase name="test_R1_emptyKey" classname="pilot.micro.RobustnessTests" time="0.0">
    <error message="malformed line at 1: =SAFE" type="java.lang.IllegalArgumentException"><![CDATA[java.lang.IllegalArgumentException: malformed line at 1: =SAFE
	at pilot.micro.ConfigParser.parse(ConfigParser.java:44)
	at pilot.micro.RobustnessTests.test_R1_emptyKey(RobustnessTests.java:29)
	at java.base/java.lang.reflect.Method.invoke(Method.java:580)
	at java.base/java.util.ArrayList.forEach(ArrayList.java:1596)
	at java.base/java.util.ArrayList.forEach(ArrayList.java:1596)
]]></error>
  </testcase>
  <testcase name="test_R1_weirdUnicodeAndNullChar" classname="pilot.micro.RobustnessTests" time="0.0"/>
  <testcase name="test_R2_scientificNotationRejected" classname="pilot.micro.RobustnessTests" time="0.018">
    <error message="timeoutMs not a plain integer: 1e3" type="java.lang.IllegalArgumentException"><![CDATA[java.lang.IllegalArgumentException: timeoutMs not a plain integer: 1e3
	at pilot.micro.ConfigParser.parseIntStrict(ConfigParser.java:120)
	at pilot.micro.ConfigParser.parse(ConfigParser.java:68)
	at pilot.micro.RobustnessTests.test_R2_scientificNotationRejected(RobustnessTests.java:104)
	at java.base/java.lang.reflect.Method.invoke(Method.java:580)
	at java.base/java.util.ArrayList.forEach(ArrayList.java:1596)
	at java.base/java.util.ArrayList.forEach(ArrayList.java:1596)
]]></error>
  </testcase>
  <testcase name="test_R2_timeoutMs_negative" classname="pilot.micro.RobustnessTests" time="0.004">
    <error message="timeoutMs out of range: -1" type="java.lang.IllegalArgumentException"><![CDATA[java.lang.IllegalArgumentException: timeoutMs out of range: -1
	at pilot.micro.ConfigParser.parse(ConfigParser.java:72)
	at pilot.micro.RobustnessTests.test_R2_timeoutMs_negative(RobustnessTests.java:76)
	at java.base/java.lang.reflect.Method.invoke(Method.java:580)
	at java.base/java.util.ArrayList.forEach(ArrayList.java:1596)
	at java.base/java.util.ArrayList.forEach(ArrayList.java:1596)
]]></error>
  </testcase>
  <testcase name="test_R1_multipleEqualsInLine" classname="pilot.micro.RobustnessTests" time="0.0">
    <error message="multiple &apos;=&apos; in line at 1: mode=SAFE=EXTRA" type="java.lang.IllegalArgumentException"><![CDATA[java.lang.IllegalArgumentException: multiple '=' in line at 1: mode=SAFE=EXTRA
	at pilot.micro.ConfigParser.parse(ConfigParser.java:49)
	at pilot.micro.RobustnessTests.test_R1_multipleEqualsInLine(RobustnessTests.java:36)
	at java.base/java.lang.reflect.Method.invoke(Method.java:580)
	at java.base/java.util.ArrayList.forEach(ArrayList.java:1596)
	at java.base/java.util.ArrayList.forEach(ArrayList.java:1596)
]]></error>
  </testcase>
  <testcase name="test_R1_missingRequiredKey_timeoutMs" classname="pilot.micro.RobustnessTests" time="0.0">
    <error message="missing required key: timeoutMs" type="java.lang.IllegalArgumentException"><![CDATA[java.lang.IllegalArgumentException: missing required key: timeoutMs
	at pilot.micro.ConfigParser.requireKey(ConfigParser.java:90)
	at pilot.micro.ConfigParser.parse(ConfigParser.java:64)
	at pilot.micro.RobustnessTests.test_R1_missingRequiredKey_timeoutMs(RobustnessTests.java:43)
	at java.base/java.lang.reflect.Method.invoke(Method.java:580)
	at java.base/java.util.ArrayList.forEach(ArrayList.java:1596)
	at java.base/java.util.ArrayList.forEach(ArrayList.java:1596)
]]></error>
  </testcase>
  <testcase name="test_R1_missingEqualsDelimiter" classname="pilot.micro.RobustnessTests" time="0.0">
    <error message="malformed line at 1: modeSAFE" type="java.lang.IllegalArgumentException"><![CDATA[java.lang.IllegalArgumentException: malformed line at 1: modeSAFE
	at pilot.micro.ConfigParser.parse(ConfigParser.java:44)
	at pilot.micro.RobustnessTests.test_R1_missingEqualsDelimiter(RobustnessTests.java:22)
	at java.base/java.lang.reflect.Method.invoke(Method.java:580)
	at java.base/java.util.ArrayList.forEach(ArrayList.java:1596)
	at java.base/java.util.ArrayList.forEach(ArrayList.java:1596)
]]></error>
  </testcase>
  <testcase name="test_R1_extremelyLongLine" classname="pilot.micro.RobustnessTests" time="0.012"/>
</testsuite>