<?xml version="1.0" encoding="UTF-8"?>
<testsuite xmlns:xsi="http://www.w3.org/2001/XMLSchema-instance" xsi:noNamespaceSchemaLocation="https://maven.apache.org/surefire/maven-surefire-plugin/xsd/surefire-test-report-3.0.xsd" version="3.0" name="pilot.micro.RobustnessTests" time="0.124" tests="13" errors="11" skipped="0" failures="0">
  <properties>
[...]
</properties>
  <testcase name="test_R2_invalidModeEnum" classname="pilot.micro.RobustnessTests" time="0.016">
    <error message="invalid mode: SUPERFAST" type="java.lang.IllegalArgumentException"><![CDATA[java.lang.IllegalArgumentException: invalid mode: SUPERFAST
	at pilot.micro.ConfigParser.parseMode(ConfigParser.java:103)
	at pilot.micro.ConfigParser.parse(ConfigParser.java:67)
	at pilot.micro.RobustnessTests.test_R2_invalidModeEnum(RobustnessTests.java:69)
	at java.base/java.lang.reflect.Method.invoke(Method.java:580)
	at java.base/java.util.ArrayList.forEach(ArrayList.java:1596)
	at java.base/java.util.ArrayList.forEach(ArrayList.java:1596)
]]></error>
  </testcase>
  <testcase name="test_R1_nullInput" classname="pilot.micro.RobustnessTests" time="0.001">
    <error message="config text must not be null" type="java.lang.IllegalArgumentException"><![CDATA[java.lang.IllegalArgumentException: config text must not be null
	at pilot.micro.ConfigParser.parse(ConfigParser.java:28)
	at pilot.micro.RobustnessTests.test_R1_nullInput(RobustnessTests.java:15)
	at java.base/java.lang.reflect.Method.invoke(Method.java:580)
	at java.base/java.util.ArrayList.forEach(ArrayList.java:1596)
	at java.base/java.util.ArrayList.forEach(ArrayList.java:1596)
]]></error>
  </testcase>
  <testcase name="test_R2_numericOverflowLike" classname="pilot.micro.RobustnessTests" time="0.022">
    <error message="timeoutMs out of int range: 999999999999999999999" type="java.lang.IllegalArgumentException"><![CDATA[java.lang.IllegalArgumentException: timeoutMs out of int range: 999999999999999999999
	at pilot.micro.ConfigParser.parseIntStrict(ConfigParser.java:126)
	at pilot.micro.ConfigParser.parse(ConfigParser.java:68)
	at pilot.micro.RobustnessTests.test_R2_numericOverflowLike(RobustnessTests.java:97)
	at java.base/java.lang.reflect.Method.invoke(Method.java:580)
	at java.base/java.util.ArrayList.forEach(ArrayList.java:1596)
	at java.base/java.util.ArrayList.forEach(ArrayList.java:1596)
]]></error>
  </testcase>
  <testcase name="test_R2_retries_tooLarge" classname="pilot.micro.RobustnessTests" time="0.01">
    <error message="retries out of range: 999" type="java.lang.IllegalArgumentException"><![CDATA[java.lang.IllegalArgumentException: retries out of range: 999
	at pilot.micro.ConfigParser.parse(ConfigParser.java:75)
	at pilot.micro.RobustnessTests.test_R2_retries_tooLarge(RobustnessTests.java:90)
	at java.base/java.lang.reflect.Method.invoke(Method.java:580)
	at java.base/java.util.ArrayList.forEach(ArrayList.java:1596)
	at java.base/java.util.ArrayList.forEach(ArrayList.java:1596)
]]></error>
  </testcase>
  <testcase name="test_R2_timeoutMs_tooLarge" classname="pilot.micro.RobustnessTests" time="0.006">
    <error message="timeoutMs out of range: 999999" type="java.lang.IllegalArgumentException"><![CDATA[java.lang.IllegalArgumentException: timeoutMs out of range: 999999
	at pilot.micro.ConfigParser.parse(ConfigParser.java:72)
	at pilot.micro.RobustnessTests.test_R2_timeoutMs_tooLarge(RobustnessTests.java:83)
	at java.base/java.lang.reflect.Method.invoke(Method.java:580)
	at java.base/java.util.ArrayList.forEach(ArrayList.java:1596)
	at java.base/java.util.ArrayList.forEach(ArrayList.java:1596)
]]></error>
  </testcase>
  <testcase name="test_R1_emptyKey" classname="pilot.micro.RobustnessTests" time="0.0">
    <error message="malformed line at 1: =SAFE" type="java.lang.IllegalArgumentException"><![CDATA[java.lang.IllegalArgumentException: malformed line at 1: =SAFE
	at pilot.micro.ConfigParser.parse(ConfigParser.java:44)
	at pilot.micro.RobustnessTests.test_R1_emptyKey(RobustnessTests.java:29)
	at java.base/java.lang.reflect.Method.invoke(Method.java:580)
	at java.base/java.util.ArrayList.forEach(ArrayList.java:1596)
	at java.base/java.util.ArrayList.forEach(ArrayList.java:1596)
]]></error>
  </testcase>
  <testcase name="test_R1_weirdUnicodeAndNullChar" classname="pilot.micro.RobustnessTests" time="0.0"/>
  <testcase name="test_R2_scientificNotationRejected" classname="pilot.micro.RobustnessTests" time="0.018">
    <error message="timeoutMs not a plain integer: 1e3" type="java.lang.IllegalArgumentException"><![CDATA[java.lang.IllegalArgumentException: timeoutMs not a plain integer: 1e3
	at pilot.micro.ConfigParser.parseIntStrict(ConfigParser.java:120)
	at pilot.micro.ConfigParser.parse(ConfigParser.java:68)
	at pilot.micro.RobustnessTests.test_R2_scientificNotationRejected(RobustnessTests.java:104)
	at java.base/java.lang.reflect.Method.invoke(Method.java:580)
	at java.base/java.util.ArrayList.forEach(ArrayList.java:1596)
	at java.base/java.util.ArrayList.forEach(ArrayList.java:1596)
]]></error>
  </testcase>
  <testcase name="test_R2_timeoutMs_negative" classname="pilot.micro.RobustnessTests" time="0.004">
    <error message="timeoutMs out of range: -1" type="java.lang.IllegalArgumentException"><![CDATA[java.lang.IllegalArgumentException: timeoutMs out of range: -1
	at pilot.micro.ConfigParser.parse(ConfigParser.java:72)
	at pilot.micro.RobustnessTests.test_R2_timeoutMs_negative(RobustnessTests.java:76)
	at java.base/java.lang.reflect.Method.invoke(Method.java:580)
	at java.base/java.util.ArrayList.forEach(ArrayList.java:1596)
	at java.base/java.util.ArrayList.forEach(ArrayList.java:1596)
]]></error>
  </testcase>
  <testcase name="test_R1_multipleEqualsInLine" classname="pilot.micro.RobustnessTests" time="0.0">
    <error message="multiple &apos;=&apos; in line at 1: mode=SAFE=EXTRA" type="java.lang.IllegalArgumentException"><![CDATA[java.lang.IllegalArgumentException: multiple '=' in line at 1: mode=SAFE=EXTRA
	at pilot.micro.ConfigParser.parse(ConfigParser.java:49)
	at pilot.micro.RobustnessTests.test_R1_multipleEqualsInLine(RobustnessTests.java:36)
	at java.base/java.lang.reflect.Method.invoke(Method.java:580)
	at java.base/java.util.ArrayList.forEach(ArrayList.java:1596)
	at java.base/java.util.ArrayList.forEach(ArrayList.java:1596)
]]></error>
  </testcase>
  <testcase name="test_R1_missingRequiredKey_timeoutMs" classname="pilot.micro.RobustnessTests" time="0.0">
    <error message="missing required key: timeoutMs" type="java.lang.IllegalArgumentException"><![CDATA[java.lang.IllegalArgumentException: missing required key: timeoutMs
	at pilot.micro.ConfigParser.requireKey(ConfigParser.java:90)
	at pilot.micro.ConfigParser.parse(ConfigParser.java:64)
	at pilot.micro.RobustnessTests.test_R1_missingRequiredKey_timeoutMs(RobustnessTests.java:43)
	at java.base/java.lang.reflect.Method.invoke(Method.java:580)
	at java.base/java.util.ArrayList.forEach(ArrayList.java:1596)
	at java.base/java.util.ArrayList.forEach(ArrayList.java:1596)
]]></error>
  </testcase>
  <testcase name="test_R1_missingEqualsDelimiter" classname="pilot.micro.RobustnessTests" time="0.0">
    <error message="malformed line at 1: modeSAFE" type="java.lang.IllegalArgumentException"><![CDATA[java.lang.IllegalArgumentException: malformed line at 1: modeSAFE
	at pilot.micro.ConfigParser.parse(ConfigParser.java:44)
	at pilot.micro.RobustnessTests.test_R1_missingEqualsDelimiter(RobustnessTests.java:22)
	at java.base/java.lang.reflect.Method.invoke(Method.java:580)
	at java.base/java.util.ArrayList.forEach(ArrayList.java:1596)
	at java.base/java.util.ArrayList.forEach(ArrayList.java:1596)
]]></error>
  </testcase>
  <testcase name="test_R1_extremelyLongLine" classname="pilot.micro.RobustnessTests" time="0.012"/>
</testsuite>