<?xml version="1.0" encoding="UTF-8"?>
<testsuite xmlns:xsi="http://www.w3.org/2001/XMLSchema-instance" xsi:noNamespaceSchemaLocation="https://maven.apache.org/surefire/maven-surefire-plugin/xsd/surefire-test-report-3.0.xsd" version="3.0" name="com.example.OTelShop_ModelE_Structured_RobustnessTest" time="61.55" tests="21" errors="0" skipped="0" failures="12">
  <properties>
[...]
</properties>
  <testcase name="test_R3_GetProduct_NumericStringAsIdWrongType" classname="com.example.OTelShop_ModelE_Structured_RobustnessTest" time="0.358">
    <failure message="Robustness failure: expected HTTP status &lt; 500 but got 500. Response body: Internal Server Error ==&gt; expected: &lt;true&gt; but was: &lt;false&gt;" type="org.opentest4j.AssertionFailedError"><![CDATA[org.opentest4j.AssertionFailedError: Robustness failure: expected HTTP status < 500 but got 500. Response body: Internal Server Error ==> expected: <true> but was: <false>
	at org.junit.jupiter.api.AssertionFailureBuilder.build(AssertionFailureBuilder.java:151)
	at org.junit.jupiter.api.AssertionFailureBuilder.buildAndThrow(AssertionFailureBuilder.java:132)
	at org.junit.jupiter.api.AssertTrue.failNotTrue(AssertTrue.java:63)
	at org.junit.jupiter.api.AssertTrue.assertTrue(AssertTrue.java:36)
	at org.junit.jupiter.api.Assertions.assertTrue(Assertions.java:214)
	at com.example.OTelShopBaseTest.assertNoServerError(OTelShopBaseTest.java:84)
	at com.example.OTelShop_ModelE_Structured_RobustnessTest.test_R3_GetProduct_NumericStringAsIdWrongType(OTelShop_ModelE_Structured_RobustnessTest.java:23)
	at java.base/java.lang.reflect.Method.invoke(Method.java:580)
	at java.base/java.util.ArrayList.forEach(ArrayList.java:1596)
	at java.base/java.util.ArrayList.forEach(ArrayList.java:1596)
]]></failure>
  </testcase>
  <testcase name="test_R16_PostCheckout_CreditCardExpirationYearIsInThePast" classname="com.example.OTelShop_ModelE_Structured_RobustnessTest" time="0.049">
    <failure message="Robustness failure: expected HTTP status &lt; 500 but got 500. Response body: Internal Server Error ==&gt; expected: &lt;true&gt; but was: &lt;false&gt;" type="org.opentest4j.AssertionFailedError"><![CDATA[org.opentest4j.AssertionFailedError: Robustness failure: expected HTTP status < 500 but got 500. Response body: Internal Server Error ==> expected: <true> but was: <false>
	at org.junit.jupiter.api.AssertionFailureBuilder.build(AssertionFailureBuilder.java:151)
	at org.junit.jupiter.api.AssertionFailureBuilder.buildAndThrow(AssertionFailureBuilder.java:132)
	at org.junit.jupiter.api.AssertTrue.failNotTrue(AssertTrue.java:63)
	at org.junit.jupiter.api.AssertTrue.assertTrue(AssertTrue.java:36)
	at org.junit.jupiter.api.Assertions.assertTrue(Assertions.java:214)
	at com.example.OTelShopBaseTest.assertNoServerError(OTelShopBaseTest.java:84)
	at com.example.OTelShop_ModelE_Structured_RobustnessTest.test_R16_PostCheckout_CreditCardExpirationYearIsInThePast(OTelShop_ModelE_Structured_RobustnessTest.java:114)
	at java.base/java.lang.reflect.Method.invoke(Method.java:580)
	at java.base/java.util.ArrayList.forEach(ArrayList.java:1596)
	at java.base/java.util.ArrayList.forEach(ArrayList.java:1596)
]]></failure>
  </testcase>
  <testcase name="test_R11_PostCart_QuantityIsNegativeInteger" classname="com.example.OTelShop_ModelE_Structured_RobustnessTest" time="0.038"/>
  <testcase name="test_R10_PostCart_QuantityIsZero" classname="com.example.OTelShop_ModelE_Structured_RobustnessTest" time="0.028"/>
  <testcase name="test_R20_PostShipping_AllAddressFieldsEmptyStrings" classname="com.example.OTelShop_ModelE_Structured_RobustnessTest" time="15.013">
    <failure message="Robustness failure: expected HTTP status &lt; 500 but got 504. Response body: upstream request timeout ==&gt; expected: &lt;true&gt; but was: &lt;false&gt;" type="org.opentest4j.AssertionFailedError"><![CDATA[org.opentest4j.AssertionFailedError: Robustness failure: expected HTTP status < 500 but got 504. Response body: upstream request timeout ==> expected: <true> but was: <false>
	at org.junit.jupiter.api.AssertionFailureBuilder.build(AssertionFailureBuilder.java:151)
	at org.junit.jupiter.api.AssertionFailureBuilder.buildAndThrow(AssertionFailureBuilder.java:132)
	at org.junit.jupiter.api.AssertTrue.failNotTrue(AssertTrue.java:63)
	at org.junit.jupiter.api.AssertTrue.assertTrue(AssertTrue.java:36)
	at org.junit.jupiter.api.Assertions.assertTrue(Assertions.java:214)
	at com.example.OTelShopBaseTest.assertNoServerError(OTelShopBaseTest.java:84)
	at com.example.OTelShop_ModelE_Structured_RobustnessTest.test_R20_PostShipping_AllAddressFieldsEmptyStrings(OTelShop_ModelE_Structured_RobustnessTest.java:142)
	at java.base/java.lang.reflect.Method.invoke(Method.java:580)
	at java.base/java.util.ArrayList.forEach(ArrayList.java:1596)
	at java.base/java.util.ArrayList.forEach(ArrayList.java:1596)
]]></failure>
  </testcase>
  <testcase name="test_R8_PostCart_UserIdFieldIsEmptyString" classname="com.example.OTelShop_ModelE_Structured_RobustnessTest" time="0.02"/>
  <testcase name="test_R6_GetCart_SessionIdMissingEntirelyFromQuery" classname="com.example.OTelShop_ModelE_Structured_RobustnessTest" time="0.017"/>
  <testcase name="test_R19_PostCurrency_UnitsFieldIsNegative" classname="com.example.OTelShop_ModelE_Structured_RobustnessTest" time="15.009">
    <failure message="Robustness failure: expected HTTP status &lt; 500 but got 504. Response body: upstream request timeout ==&gt; expected: &lt;true&gt; but was: &lt;false&gt;" type="org.opentest4j.AssertionFailedError"><![CDATA[org.opentest4j.AssertionFailedError: Robustness failure: expected HTTP status < 500 but got 504. Response body: upstream request timeout ==> expected: <true> but was: <false>
	at org.junit.jupiter.api.AssertionFailureBuilder.build(AssertionFailureBuilder.java:151)
	at org.junit.jupiter.api.AssertionFailureBuilder.buildAndThrow(AssertionFailureBuilder.java:132)
	at org.junit.jupiter.api.AssertTrue.failNotTrue(AssertTrue.java:63)
	at org.junit.jupiter.api.AssertTrue.assertTrue(AssertTrue.java:36)
	at org.junit.jupiter.api.Assertions.assertTrue(Assertions.java:214)
	at com.example.OTelShopBaseTest.assertNoServerError(OTelShopBaseTest.java:84)
	at com.example.OTelShop_ModelE_Structured_RobustnessTest.test_R19_PostCurrency_UnitsFieldIsNegative(OTelShop_ModelE_Structured_RobustnessTest.java:135)
	at java.base/java.lang.reflect.Method.invoke(Method.java:580)
	at java.base/java.util.ArrayList.forEach(ArrayList.java:1596)
	at java.base/java.util.ArrayList.forEach(ArrayList.java:1596)
]]></failure>
  </testcase>
  <testcase name="test_R17_PostCurrency_UnknownFromCodeCurrency" classname="com.example.OTelShop_ModelE_Structured_RobustnessTest" time="15.029">
    <failure message="Robustness failure: expected HTTP status &lt; 500 but got 504. Response body: upstream request timeout ==&gt; expected: &lt;true&gt; but was: &lt;false&gt;" type="org.opentest4j.AssertionFailedError"><![CDATA[org.opentest4j.AssertionFailedError: Robustness failure: expected HTTP status < 500 but got 504. Response body: upstream request timeout ==> expected: <true> but was: <false>
	at org.junit.jupiter.api.AssertionFailureBuilder.build(AssertionFailureBuilder.java:151)
	at org.junit.jupiter.api.AssertionFailureBuilder.buildAndThrow(AssertionFailureBuilder.java:132)
	at org.junit.jupiter.api.AssertTrue.failNotTrue(AssertTrue.java:63)
	at org.junit.jupiter.api.AssertTrue.assertTrue(AssertTrue.java:36)
	at org.junit.jupiter.api.Assertions.assertTrue(Assertions.java:214)
	at com.example.OTelShopBaseTest.assertNoServerError(OTelShopBaseTest.java:84)
	at com.example.OTelShop_ModelE_Structured_RobustnessTest.test_R17_PostCurrency_UnknownFromCodeCurrency(OTelShop_ModelE_Structured_RobustnessTest.java:121)
	at java.base/java.lang.reflect.Method.invoke(Method.java:580)
	at java.base/java.util.ArrayList.forEach(ArrayList.java:1596)
	at java.base/java.util.ArrayList.forEach(ArrayList.java:1596)
]]></failure>
  </testcase>
  <testcase name="test_R5_GetCart_EmptySessionIdQueryParam" classname="com.example.OTelShop_ModelE_Structured_RobustnessTest" time="0.037"/>
  <testcase name="test_R14_PostCheckout_InvalidNonExistentCurrencyCode" classname="com.example.OTelShop_ModelE_Structured_RobustnessTest" time="0.059">
    <failure message="Robustness failure: expected HTTP status &lt; 500 but got 500. Response body: Internal Server Error ==&gt; expected: &lt;true&gt; but was: &lt;false&gt;" type="org.opentest4j.AssertionFailedError"><![CDATA[org.opentest4j.AssertionFailedError: Robustness failure: expected HTTP status < 500 but got 500. Response body: Internal Server Error ==> expected: <true> but was: <false>
	at org.junit.jupiter.api.AssertionFailureBuilder.build(AssertionFailureBuilder.java:151)
	at org.junit.jupiter.api.AssertionFailureBuilder.buildAndThrow(AssertionFailureBuilder.java:132)
	at org.junit.jupiter.api.AssertTrue.failNotTrue(AssertTrue.java:63)
	at org.junit.jupiter.api.AssertTrue.assertTrue(AssertTrue.java:36)
	at org.junit.jupiter.api.Assertions.assertTrue(Assertions.java:214)
	at com.example.OTelShopBaseTest.assertNoServerError(OTelShopBaseTest.java:84)
	at com.example.OTelShop_ModelE_Structured_RobustnessTest.test_R14_PostCheckout_InvalidNonExistentCurrencyCode(OTelShop_ModelE_Structured_RobustnessTest.java:100)
	at java.base/java.lang.reflect.Method.invoke(Method.java:580)
	at java.base/java.util.ArrayList.forEach(ArrayList.java:1596)
	at java.base/java.util.ArrayList.forEach(ArrayList.java:1596)
]]></failure>
  </testcase>
  <testcase name="test_R15_PostCheckout_CreditCardNumberIsEmptyString" classname="com.example.OTelShop_ModelE_Structured_RobustnessTest" time="0.089">
    <failure message="Robustness failure: expected HTTP status &lt; 500 but got 500. Response body: Internal Server Error ==&gt; expected: &lt;true&gt; but was: &lt;false&gt;" type="org.opentest4j.AssertionFailedError"><![CDATA[org.opentest4j.AssertionFailedError: Robustness failure: expected HTTP status < 500 but got 500. Response body: Internal Server Error ==> expected: <true> but was: <false>
	at org.junit.jupiter.api.AssertionFailureBuilder.build(AssertionFailureBuilder.java:151)
	at org.junit.jupiter.api.AssertionFailureBuilder.buildAndThrow(AssertionFailureBuilder.java:132)
	at org.junit.jupiter.api.AssertTrue.failNotTrue(AssertTrue.java:63)
	at org.junit.jupiter.api.AssertTrue.assertTrue(AssertTrue.java:36)
	at org.junit.jupiter.api.Assertions.assertTrue(Assertions.java:214)
	at com.example.OTelShopBaseTest.assertNoServerError(OTelShopBaseTest.java:84)
	at com.example.OTelShop_ModelE_Structured_RobustnessTest.test_R15_PostCheckout_CreditCardNumberIsEmptyString(OTelShop_ModelE_Structured_RobustnessTest.java:107)
	at java.base/java.lang.reflect.Method.invoke(Method.java:580)
	at java.base/java.util.ArrayList.forEach(ArrayList.java:1596)
	at java.base/java.util.ArrayList.forEach(ArrayList.java:1596)
]]></failure>
  </testcase>
  <testcase name="test_R4_GetProduct_ExtremelyLongIdString1000Chars" classname="com.example.OTelShop_ModelE_Structured_RobustnessTest" time="0.049">
    <failure message="Robustness failure: expected HTTP status &lt; 500 but got 500. Response body: Internal Server Error ==&gt; expected: &lt;true&gt; but was: &lt;false&gt;" type="org.opentest4j.AssertionFailedError"><![CDATA[org.opentest4j.AssertionFailedError: Robustness failure: expected HTTP status < 500 but got 500. Response body: Internal Server Error ==> expected: <true> but was: <false>
	at org.junit.jupiter.api.AssertionFailureBuilder.build(AssertionFailureBuilder.java:151)
	at org.junit.jupiter.api.AssertionFailureBuilder.buildAndThrow(AssertionFailureBuilder.java:132)
	at org.junit.jupiter.api.AssertTrue.failNotTrue(AssertTrue.java:63)
	at org.junit.jupiter.api.AssertTrue.assertTrue(AssertTrue.java:36)
	at org.junit.jupiter.api.Assertions.assertTrue(Assertions.java:214)
	at com.example.OTelShopBaseTest.assertNoServerError(OTelShopBaseTest.java:84)
	at com.example.OTelShop_ModelE_Structured_RobustnessTest.test_R4_GetProduct_ExtremelyLongIdString1000Chars(OTelShop_ModelE_Structured_RobustnessTest.java:33)
	at java.base/java.lang.reflect.Method.invoke(Method.java:580)
	at java.base/java.util.ArrayList.forEach(ArrayList.java:1596)
	at java.base/java.util.ArrayList.forEach(ArrayList.java:1596)
]]></failure>
  </testcase>
  <testcase name="test_R21_GetRecommendations_NonExistentProductIdsValue" classname="com.example.OTelShop_ModelE_Structured_RobustnessTest" time="0.064"/>
  <testcase name="test_R13_PostCheckout_EmptyUserId" classname="com.example.OTelShop_ModelE_Structured_RobustnessTest" time="0.038">
    <failure message="Robustness failure: expected HTTP status &lt; 500 but got 500. Response body: Internal Server Error ==&gt; expected: &lt;true&gt; but was: &lt;false&gt;" type="org.opentest4j.AssertionFailedError"><![CDATA[org.opentest4j.AssertionFailedError: Robustness failure: expected HTTP status < 500 but got 500. Response body: Internal Server Error ==> expected: <true> but was: <false>
	at org.junit.jupiter.api.AssertionFailureBuilder.build(AssertionFailureBuilder.java:151)
	at org.junit.jupiter.api.AssertionFailureBuilder.buildAndThrow(AssertionFailureBuilder.java:132)
	at org.junit.jupiter.api.AssertTrue.failNotTrue(AssertTrue.java:63)
	at org.junit.jupiter.api.AssertTrue.assertTrue(AssertTrue.java:36)
	at org.junit.jupiter.api.Assertions.assertTrue(Assertions.java:214)
	at com.example.OTelShopBaseTest.assertNoServerError(OTelShopBaseTest.java:84)
	at com.example.OTelShop_ModelE_Structured_RobustnessTest.test_R13_PostCheckout_EmptyUserId(OTelShop_ModelE_Structured_RobustnessTest.java:93)
	at java.base/java.lang.reflect.Method.invoke(Method.java:580)
	at java.base/java.util.ArrayList.forEach(ArrayList.java:1596)
	at java.base/java.util.ArrayList.forEach(ArrayList.java:1596)
]]></failure>
  </testcase>
  <testcase name="test_R2_GetProduct_EmptyStringSegmentInPath" classname="com.example.OTelShop_ModelE_Structured_RobustnessTest" time="0.066"/>
  <testcase name="test_R1_GetProduct_NonExistentId" classname="com.example.OTelShop_ModelE_Structured_RobustnessTest" time="0.03">
    <failure message="Robustness failure: expected HTTP status &lt; 500 but got 500. Response body: Internal Server Error ==&gt; expected: &lt;true&gt; but was: &lt;false&gt;" type="org.opentest4j.AssertionFailedError"><![CDATA[org.opentest4j.AssertionFailedError: Robustness failure: expected HTTP status < 500 but got 500. Response body: Internal Server Error ==> expected: <true> but was: <false>
	at org.junit.jupiter.api.AssertionFailureBuilder.build(AssertionFailureBuilder.java:151)
	at org.junit.jupiter.api.AssertionFailureBuilder.buildAndThrow(AssertionFailureBuilder.java:132)
	at org.junit.jupiter.api.AssertTrue.failNotTrue(AssertTrue.java:63)
	at org.junit.jupiter.api.AssertTrue.assertTrue(AssertTrue.java:36)
	at org.junit.jupiter.api.Assertions.assertTrue(Assertions.java:214)
	at com.example.OTelShopBaseTest.assertNoServerError(OTelShopBaseTest.java:84)
	at com.example.OTelShop_ModelE_Structured_RobustnessTest.test_R1_GetProduct_NonExistentId(OTelShop_ModelE_Structured_RobustnessTest.java:11)
	at java.base/java.lang.reflect.Method.invoke(Method.java:580)
	at java.base/java.util.ArrayList.forEach(ArrayList.java:1596)
	at java.base/java.util.ArrayList.forEach(ArrayList.java:1596)
]]></failure>
  </testcase>
  <testcase name="test_R18_PostCurrency_UnknownToCodeCurrency" classname="com.example.OTelShop_ModelE_Structured_RobustnessTest" time="15.017">
    <failure message="Robustness failure: expected HTTP status &lt; 500 but got 504. Response body: upstream request timeout ==&gt; expected: &lt;true&gt; but was: &lt;false&gt;" type="org.opentest4j.AssertionFailedError"><![CDATA[org.opentest4j.AssertionFailedError: Robustness failure: expected HTTP status < 500 but got 504. Response body: upstream request timeout ==> expected: <true> but was: <false>
	at org.junit.jupiter.api.AssertionFailureBuilder.build(AssertionFailureBuilder.java:151)
	at org.junit.jupiter.api.AssertionFailureBuilder.buildAndThrow(AssertionFailureBuilder.java:132)
	at org.junit.jupiter.api.AssertTrue.failNotTrue(AssertTrue.java:63)
	at org.junit.jupiter.api.AssertTrue.assertTrue(AssertTrue.java:36)
	at org.junit.jupiter.api.Assertions.assertTrue(Assertions.java:214)
	at com.example.OTelShopBaseTest.assertNoServerError(OTelShopBaseTest.java:84)
	at com.example.OTelShop_ModelE_Structured_RobustnessTest.test_R18_PostCurrency_UnknownToCodeCurrency(OTelShop_ModelE_Structured_RobustnessTest.java:128)
	at java.base/java.lang.reflect.Method.invoke(Method.java:580)
	at java.base/java.util.ArrayList.forEach(ArrayList.java:1596)
	at java.base/java.util.ArrayList.forEach(ArrayList.java:1596)
]]></failure>
  </testcase>
  <testcase name="test_R7_DeleteCart_EmptySessionIdQueryParam" classname="com.example.OTelShop_ModelE_Structured_RobustnessTest" time="0.035"/>
  <testcase name="test_R12_PostCart_ItemFieldIsNull" classname="com.example.OTelShop_ModelE_Structured_RobustnessTest" time="0.021">
    <failure message="Robustness failure: expected HTTP status &lt; 500 but got 500. Response body: Internal Server Error ==&gt; expected: &lt;true&gt; but was: &lt;false&gt;" type="org.opentest4j.AssertionFailedError"><![CDATA[org.opentest4j.AssertionFailedError: Robustness failure: expected HTTP status < 500 but got 500. Response body: Internal Server Error ==> expected: <true> but was: <false>
	at org.junit.jupiter.api.AssertionFailureBuilder.build(AssertionFailureBuilder.java:151)
	at org.junit.jupiter.api.AssertionFailureBuilder.buildAndThrow(AssertionFailureBuilder.java:132)
	at org.junit.jupiter.api.AssertTrue.failNotTrue(AssertTrue.java:63)
	at org.junit.jupiter.api.AssertTrue.assertTrue(AssertTrue.java:36)
	at org.junit.jupiter.api.Assertions.assertTrue(Assertions.java:214)
	at com.example.OTelShopBaseTest.assertNoServerError(OTelShopBaseTest.java:84)
	at com.example.OTelShop_ModelE_Structured_RobustnessTest.test_R12_PostCart_ItemFieldIsNull(OTelShop_ModelE_Structured_RobustnessTest.java:86)
	at java.base/java.lang.reflect.Method.invoke(Method.java:580)
	at java.base/java.util.ArrayList.forEach(ArrayList.java:1596)
	at java.base/java.util.ArrayList.forEach(ArrayList.java:1596)
]]></failure>
  </testcase>
  <testcase name="test_R9_PostCart_ProductIdFieldIsEmptyString" classname="com.example.OTelShop_ModelE_Structured_RobustnessTest" time="0.024"/>
</testsuite>